<?xml version="1.0" encoding="UTF-8"?>
<testsuite xmlns:xsi="http://www.w3.org/2001/XMLSchema-instance" xsi:noNamespaceSchemaLocation="https://maven.apache.org/surefire/maven-surefire-plugin/xsd/surefire-test-report.xsd" name="cucumber.Options.TestRunner" time="10" tests="2" errors="0" skipped="0" failures="0">
  <properties>
    <property name="sun.desktop" value="windows"/>
    <property name="awt.toolkit" value="sun.awt.windows.WToolkit"/>
    <property name="file.encoding.pkg" value="sun.io"/>
    <property name="java.specification.version" value="1.8"/>
    <property name="sun.cpu.isalist" value="amd64"/>
    <property name="sun.jnu.encoding" value="Cp1252"/>
    <property name="java.class.path" value="C:\Users\10283719\Documents\Project\Maven\APIFramework\target\test-classes;C:\Users\10283719\Documents\Project\Maven\APIFramework\target\classes;C:\Users\10283719\.m2\repository\junit\junit\4.11\junit-4.11.jar;C:\Users\10283719\.m2\repository\org\hamcrest\hamcrest-core\1.3\hamcrest-core-1.3.jar;C:\Users\10283719\.m2\repository\io\cucumber\cucumber-java\6.0.0\cucumber-java-6.0.0.jar;C:\Users\10283719\.m2\repository\io\cucumber\cucumber-core\6.0.0\cucumber-core-6.0.0.jar;C:\Users\10283719\.m2\repository\io\cucumber\cucumber-gherkin\6.0.0\cucumber-gherkin-6.0.0.jar;C:\Users\10283719\.m2\repository\io\cucumber\cucumber-gherkin-messages\6.0.0\cucumber-gherkin-messages-6.0.0.jar;C:\Users\10283719\.m2\repository\io\cucumber\messages\12.1.1\messages-12.1.1.jar;C:\Users\10283719\.m2\repository\io\cucumber\tag-expressions\2.0.4\tag-expressions-2.0.4.jar;C:\Users\10283719\.m2\repository\io\cucumber\cucumber-expressions\10.2.0\cucumber-expressions-10.2.0.jar;C:\Users\10283719\.m2\repository\io\cucumber\datatable\3.3.1\datatable-3.3.1.jar;C:\Users\10283719\.m2\repository\io\cucumber\cucumber-plugin\6.0.0\cucumber-plugin-6.0.0.jar;C:\Users\10283719\.m2\repository\io\cucumber\docstring\6.0.0\docstring-6.0.0.jar;C:\Users\10283719\.m2\repository\io\cucumber\html-formatter\6.0.2\html-formatter-6.0.2.jar;C:\Users\10283719\.m2\repository\org\apiguardian\apiguardian-api\1.1.0\apiguardian-api-1.1.0.jar;C:\Users\10283719\.m2\repository\io\cucumber\cucumber-junit\6.0.0\cucumber-junit-6.0.0.jar;C:\Users\10283719\.m2\repository\io\rest-assured\rest-assured\4.1.2\rest-assured-4.1.2.jar;C:\Users\10283719\.m2\repository\org\codehaus\groovy\groovy\2.5.8\groovy-2.5.8.jar;C:\Users\10283719\.m2\repository\org\codehaus\groovy\groovy-xml\2.5.8\groovy-xml-2.5.8.jar;C:\Users\10283719\.m2\repository\org\apache\httpcomponents\httpclient\4.5.3\httpclient-4.5.3.jar;C:\Users\10283719\.m2\repository\org\apache\httpcomponents\httpcore\4.4.6\httpcore-4.4.6.jar;C:\Users\10283719\.m2\repository\commons-logging\commons-logging\1.2\commons-logging-1.2.jar;C:\Users\10283719\.m2\repository\commons-codec\commons-codec\1.9\commons-codec-1.9.jar;C:\Users\10283719\.m2\repository\org\apache\httpcomponents\httpmime\4.5.3\httpmime-4.5.3.jar;C:\Users\10283719\.m2\repository\org\hamcrest\hamcrest\2.1\hamcrest-2.1.jar;C:\Users\10283719\.m2\repository\org\ccil\cowan\tagsoup\tagsoup\1.2.1\tagsoup-1.2.1.jar;C:\Users\10283719\.m2\repository\io\rest-assured\json-path\4.1.2\json-path-4.1.2.jar;C:\Users\10283719\.m2\repository\org\codehaus\groovy\groovy-json\2.5.8\groovy-json-2.5.8.jar;C:\Users\10283719\.m2\repository\io\rest-assured\rest-assured-common\4.1.2\rest-assured-common-4.1.2.jar;C:\Users\10283719\.m2\repository\io\rest-assured\xml-path\4.1.2\xml-path-4.1.2.jar;C:\Users\10283719\.m2\repository\org\apache\commons\commons-lang3\3.4\commons-lang3-3.4.jar;C:\Users\10283719\.m2\repository\javax\xml\bind\jaxb-api\2.3.1\jaxb-api-2.3.1.jar;C:\Users\10283719\.m2\repository\javax\activation\javax.activation-api\1.2.0\javax.activation-api-1.2.0.jar;C:\Users\10283719\.m2\repository\com\sun\xml\bind\jaxb-osgi\2.3.0.1\jaxb-osgi-2.3.0.1.jar;C:\Users\10283719\.m2\repository\org\apache\sling\org.apache.sling.javax.activation\0.1.0\org.apache.sling.javax.activation-0.1.0.jar;C:\Users\10283719\.m2\repository\javax\activation\activation\1.1.1\activation-1.1.1.jar;C:\Users\10283719\.m2\repository\com\fasterxml\jackson\core\jackson-databind\2.10.1\jackson-databind-2.10.1.jar;C:\Users\10283719\.m2\repository\com\fasterxml\jackson\core\jackson-annotations\2.10.1\jackson-annotations-2.10.1.jar;C:\Users\10283719\.m2\repository\com\fasterxml\jackson\core\jackson-core\2.10.1\jackson-core-2.10.1.jar;"/>
    <property name="java.vm.vendor" value="Oracle Corporation"/>
    <property name="sun.arch.data.model" value="64"/>
    <property name="user.variant" value=""/>
    <property name="java.vendor.url" value="http://java.oracle.com/"/>
    <property name="user.timezone" value="Asia/Calcutta"/>
    <property name="java.vm.specification.version" value="1.8"/>
    <property name="os.name" value="Windows 10"/>
    <property name="tag" value="AddPlace1"/>
    <property name="user.country" value="US"/>
    <property name="sun.java.launcher" value="SUN_STANDARD"/>
    <property name="sun.boot.library.path" value="C:\Program Files\Java\jdk1.8.0_181\jre\bin"/>
    <property name="sun.java.command" value="C:\Users\10283719\AppData\Local\Temp\surefire3474076224277995972\surefirebooter5066179023052579457.jar C:\Users\10283719\AppData\Local\Temp\surefire3474076224277995972 2020-08-01T19-50-01_084-jvmRun1 surefire8364180503137932850tmp surefire_0233491600949949064tmp"/>
    <property name="surefire.test.class.path" value="C:\Users\10283719\Documents\Project\Maven\APIFramework\target\test-classes;C:\Users\10283719\Documents\Project\Maven\APIFramework\target\classes;C:\Users\10283719\.m2\repository\junit\junit\4.11\junit-4.11.jar;C:\Users\10283719\.m2\repository\org\hamcrest\hamcrest-core\1.3\hamcrest-core-1.3.jar;C:\Users\10283719\.m2\repository\io\cucumber\cucumber-java\6.0.0\cucumber-java-6.0.0.jar;C:\Users\10283719\.m2\repository\io\cucumber\cucumber-core\6.0.0\cucumber-core-6.0.0.jar;C:\Users\10283719\.m2\repository\io\cucumber\cucumber-gherkin\6.0.0\cucumber-gherkin-6.0.0.jar;C:\Users\10283719\.m2\repository\io\cucumber\cucumber-gherkin-messages\6.0.0\cucumber-gherkin-messages-6.0.0.jar;C:\Users\10283719\.m2\repository\io\cucumber\messages\12.1.1\messages-12.1.1.jar;C:\Users\10283719\.m2\repository\io\cucumber\tag-expressions\2.0.4\tag-expressions-2.0.4.jar;C:\Users\10283719\.m2\repository\io\cucumber\cucumber-expressions\10.2.0\cucumber-expressions-10.2.0.jar;C:\Users\10283719\.m2\repository\io\cucumber\datatable\3.3.1\datatable-3.3.1.jar;C:\Users\10283719\.m2\repository\io\cucumber\cucumber-plugin\6.0.0\cucumber-plugin-6.0.0.jar;C:\Users\10283719\.m2\repository\io\cucumber\docstring\6.0.0\docstring-6.0.0.jar;C:\Users\10283719\.m2\repository\io\cucumber\html-formatter\6.0.2\html-formatter-6.0.2.jar;C:\Users\10283719\.m2\repository\org\apiguardian\apiguardian-api\1.1.0\apiguardian-api-1.1.0.jar;C:\Users\10283719\.m2\repository\io\cucumber\cucumber-junit\6.0.0\cucumber-junit-6.0.0.jar;C:\Users\10283719\.m2\repository\io\rest-assured\rest-assured\4.1.2\rest-assured-4.1.2.jar;C:\Users\10283719\.m2\repository\org\codehaus\groovy\groovy\2.5.8\groovy-2.5.8.jar;C:\Users\10283719\.m2\repository\org\codehaus\groovy\groovy-xml\2.5.8\groovy-xml-2.5.8.jar;C:\Users\10283719\.m2\repository\org\apache\httpcomponents\httpclient\4.5.3\httpclient-4.5.3.jar;C:\Users\10283719\.m2\repository\org\apache\httpcomponents\httpcore\4.4.6\httpcore-4.4.6.jar;C:\Users\10283719\.m2\repository\commons-logging\commons-logging\1.2\commons-logging-1.2.jar;C:\Users\10283719\.m2\repository\commons-codec\commons-codec\1.9\commons-codec-1.9.jar;C:\Users\10283719\.m2\repository\org\apache\httpcomponents\httpmime\4.5.3\httpmime-4.5.3.jar;C:\Users\10283719\.m2\repository\org\hamcrest\hamcrest\2.1\hamcrest-2.1.jar;C:\Users\10283719\.m2\repository\org\ccil\cowan\tagsoup\tagsoup\1.2.1\tagsoup-1.2.1.jar;C:\Users\10283719\.m2\repository\io\rest-assured\json-path\4.1.2\json-path-4.1.2.jar;C:\Users\10283719\.m2\repository\org\codehaus\groovy\groovy-json\2.5.8\groovy-json-2.5.8.jar;C:\Users\10283719\.m2\repository\io\rest-assured\rest-assured-common\4.1.2\rest-assured-common-4.1.2.jar;C:\Users\10283719\.m2\repository\io\rest-assured\xml-path\4.1.2\xml-path-4.1.2.jar;C:\Users\10283719\.m2\repository\org\apache\commons\commons-lang3\3.4\commons-lang3-3.4.jar;C:\Users\10283719\.m2\repository\javax\xml\bind\jaxb-api\2.3.1\jaxb-api-2.3.1.jar;C:\Users\10283719\.m2\repository\javax\activation\javax.activation-api\1.2.0\javax.activation-api-1.2.0.jar;C:\Users\10283719\.m2\repository\com\sun\xml\bind\jaxb-osgi\2.3.0.1\jaxb-osgi-2.3.0.1.jar;C:\Users\10283719\.m2\repository\org\apache\sling\org.apache.sling.javax.activation\0.1.0\org.apache.sling.javax.activation-0.1.0.jar;C:\Users\10283719\.m2\repository\javax\activation\activation\1.1.1\activation-1.1.1.jar;C:\Users\10283719\.m2\repository\com\fasterxml\jackson\core\jackson-databind\2.10.1\jackson-databind-2.10.1.jar;C:\Users\10283719\.m2\repository\com\fasterxml\jackson\core\jackson-annotations\2.10.1\jackson-annotations-2.10.1.jar;C:\Users\10283719\.m2\repository\com\fasterxml\jackson\core\jackson-core\2.10.1\jackson-core-2.10.1.jar;"/>
    <property name="sun.cpu.endian" value="little"/>
    <property name="user.home" value="C:\Users\10283719"/>
    <property name="user.language" value="en"/>
    <property name="java.specification.vendor" value="Oracle Corporation"/>
    <property name="java.home" value="C:\Program Files\Java\jdk1.8.0_181\jre"/>
    <property name="basedir" value="C:\Users\10283719\Documents\Project\Maven\APIFramework"/>
    <property name="file.separator" value="\"/>
    <property name="line.separator" value="&#10;"/>
    <property name="java.vm.specification.vendor" value="Oracle Corporation"/>
    <property name="java.specification.name" value="Java Platform API Specification"/>
    <property name="java.awt.graphicsenv" value="sun.awt.Win32GraphicsEnvironment"/>
    <property name="surefire.real.class.path" value="C:\Users\10283719\AppData\Local\Temp\surefire3474076224277995972\surefirebooter5066179023052579457.jar"/>
    <property name="sun.boot.class.path" value="C:\Program Files\Java\jdk1.8.0_181\jre\lib\resources.jar;C:\Program Files\Java\jdk1.8.0_181\jre\lib\rt.jar;C:\Program Files\Java\jdk1.8.0_181\jre\lib\sunrsasign.jar;C:\Program Files\Java\jdk1.8.0_181\jre\lib\jsse.jar;C:\Program Files\Java\jdk1.8.0_181\jre\lib\jce.jar;C:\Program Files\Java\jdk1.8.0_181\jre\lib\charsets.jar;C:\Program Files\Java\jdk1.8.0_181\jre\lib\jfr.jar;C:\Program Files\Java\jdk1.8.0_181\jre\classes"/>
    <property name="user.script" value=""/>
    <property name="sun.management.compiler" value="HotSpot 64-Bit Tiered Compilers"/>
    <property name="java.runtime.version" value="1.8.0_181-b13"/>
    <property name="user.name" value="10283719"/>
    <property name="path.separator" value=";"/>
    <property name="os.version" value="10.0"/>
    <property name="java.endorsed.dirs" value="C:\Program Files\Java\jdk1.8.0_181\jre\lib\endorsed"/>
    <property name="java.runtime.name" value="Java(TM) SE Runtime Environment"/>
    <property name="file.encoding" value="Cp1252"/>
    <property name="java.vm.name" value="Java HotSpot(TM) 64-Bit Server VM"/>
    <property name="localRepository" value="C:\Users\10283719\.m2\repository"/>
    <property name="java.vendor.url.bug" value="http://bugreport.sun.com/bugreport/"/>
    <property name="java.io.tmpdir" value="C:\Users\10283719\AppData\Local\Temp\"/>
    <property name="java.version" value="1.8.0_181"/>
    <property name="user.dir" value="C:\Users\10283719\Documents\Project\Maven\APIFramework"/>
    <property name="os.arch" value="amd64"/>
    <property name="java.vm.specification.name" value="Java Virtual Machine Specification"/>
    <property name="java.awt.printerjob" value="sun.awt.windows.WPrinterJob"/>
    <property name="sun.os.patch.level" value=""/>
    <property name="java.library.path" value="C:\Program Files\Java\jdk1.8.0_181\jre\bin;C:\WINDOWS\Sun\Java\bin;C:\WINDOWS\system32;C:\WINDOWS;C:\Program Files (x86)\Common Files\Oracle\Java\javapath;C:\WINDOWS\system32;C:\WINDOWS;C:\WINDOWS\System32\Wbem;C:\WINDOWS\System32\WindowsPowerShell\v1.0\;C:\Program Files (x86)\Microsoft SQL Server\150\DTS\Binn\;C:\Program Files\dotnet\;C:\Program Files\Microsoft SQL Server\130\Tools\Binn\;C:\Program Files\Microsoft SQL Server\Client SDK\ODBC\170\Tools\Binn\;C:\Program Files (x86)\dotnet\;C:\Program Files\1E\Client\Extensibility\NomadBranch;C:\Program Files\Git\cmd;C:\Program Files\Java\jdk1.8.0_18\bin;C:\Users\10283719\Documents\apache-maven-3.6.3-bin\bin;C:\Users\10283719\AppData\Local\Microsoft\WindowsApps;;C:\Users\10283719\AppData\Local\Programs\Microsoft VS Code\bin;."/>
    <property name="java.vm.info" value="mixed mode"/>
    <property name="java.vendor" value="Oracle Corporation"/>
    <property name="java.vm.version" value="25.181-b13"/>
    <property name="java.ext.dirs" value="C:\Program Files\Java\jdk1.8.0_181\jre\lib\ext;C:\WINDOWS\Sun\Java\lib\ext"/>
    <property name="sun.io.unicode.encoding" value="UnicodeLittle"/>
    <property name="java.class.version" value="52.0"/>
  </properties>
  <testcase name="Verify if Place is being successfully added using AddPlaceAPI" classname="Validating Place API&apos;s" time="7.568"/>
  <testcase name="Verify if Delete Place functionality is working" classname="Validating Place API&apos;s" time="1.517"/>
</testsuite>